<?xml version="1.0" encoding="UTF-8"?>
<testsuite name="ca.ubc.ece.cpen221.mp5.tests.lotsOfCoverage" tests="4" skipped="0" failures="0" errors="0" timestamp="2017-12-02T08:06:34" hostname="GoldNSexy" time="3.959">
  <properties/>
  <testcase name="test" classname="ca.ubc.ece.cpen221.mp5.tests.lotsOfCoverage" time="2.668"/>
  <testcase name="test1" classname="ca.ubc.ece.cpen221.mp5.tests.lotsOfCoverage" time="1.291"/>
  <testcase name="test2" classname="ca.ubc.ece.cpen221.mp5.tests.lotsOfCoverage" time="0.0"/>
  <testcase name="test3" classname="ca.ubc.ece.cpen221.mp5.tests.lotsOfCoverage" time="0.0"/>
  <system-out><![CDATA[]]></system-out>
  <system-err><![CDATA[]]></system-err>
</testsuite>
