<?xml version="1.0" encoding="UTF-8"?>
<testsuite name="ca.ubc.ece.cpen221.mp5.tests.lotsOfCoverage" tests="4" skipped="0" failures="0" errors="0" timestamp="2017-12-02T07:38:53" hostname="GoldNSexy" time="4.854">
  <properties/>
  <testcase name="test" classname="ca.ubc.ece.cpen221.mp5.tests.lotsOfCoverage" time="3.71"/>
  <testcase name="test1" classname="ca.ubc.ece.cpen221.mp5.tests.lotsOfCoverage" time="1.097"/>
  <testcase name="test2" classname="ca.ubc.ece.cpen221.mp5.tests.lotsOfCoverage" time="0.032"/>
  <testcase name="test3" classname="ca.ubc.ece.cpen221.mp5.tests.lotsOfCoverage" time="0.0"/>
  <system-out><![CDATA[]]></system-out>
  <system-err><![CDATA[]]></system-err>
</testsuite>
