<?xml version="1.0" encoding="UTF-8"?>
<testsuite name="ca.ubc.ece.cpen221.mp5.tests.GetAddTests" tests="1" skipped="0" failures="0" errors="0" timestamp="2017-12-02T08:06:30" hostname="GoldNSexy" time="1.839">
  <properties/>
  <testcase name="test" classname="ca.ubc.ece.cpen221.mp5.tests.GetAddTests" time="1.839"/>
  <system-out><![CDATA[]]></system-out>
  <system-err><![CDATA[]]></system-err>
</testsuite>
