<?xml version="1.0" encoding="UTF-8"?>
<testsuite name="ca.ubc.ece.cpen221.mp5.tests.kMeansTesting" tests="1" skipped="0" failures="0" errors="0" timestamp="2017-11-29T07:08:17" hostname="GoldNSexy" time="0.006">
  <properties/>
  <testcase name="test" classname="ca.ubc.ece.cpen221.mp5.tests.kMeansTesting" time="0.006"/>
  <system-out><![CDATA[]]></system-out>
  <system-err><![CDATA[]]></system-err>
</testsuite>
