<?xml version="1.0" encoding="UTF-8"?>
<testsuite name="ca.ubc.ece.cpen221.mp5.tests.kMeansTesting" tests="2" skipped="0" failures="0" errors="0" timestamp="2017-12-02T08:06:32" hostname="GoldNSexy" time="1.609">
  <properties/>
  <testcase name="test" classname="ca.ubc.ece.cpen221.mp5.tests.kMeansTesting" time="0.0"/>
  <testcase name="test1" classname="ca.ubc.ece.cpen221.mp5.tests.kMeansTesting" time="1.609"/>
  <system-out><![CDATA[]]></system-out>
  <system-err><![CDATA[]]></system-err>
</testsuite>
